<?xml version="1.0" encoding="UTF-8"?>
<!-- Generated by org.testng.reporters.JUnitReportReporter -->
<testsuite skipped="0" hostname="anand3825" name="careercup.string.A_checkuniqueTest" tests="2" failures="0" timestamp="28 Oct 2017 18:36:02 GMT" time="0.008" errors="0">
  <testcase name="testFunctionTrue" time="0.001" classname="careercup.string.A_checkuniqueTest"/>
  <testcase name="testFunctionFalse" time="0.007" classname="careercup.string.A_checkuniqueTest"/>
</testsuite> <!-- careercup.string.A_checkuniqueTest -->
