<?xml version="1.0" encoding="UTF-8"?>
<!-- Generated by org.testng.reporters.JUnitReportReporter -->
<testsuite skipped="0" hostname="anand3825" name="com.ubs.coding.CustomTest" tests="1" failures="0" timestamp="08 Nov 2017 09:25:17 GMT" time="0.006" errors="0">
  <testcase name="testFunction" time="0.006" classname="com.ubs.coding.CustomTest"/>
</testsuite> <!-- com.ubs.coding.CustomTest -->
