<?xml version="1.0" encoding="UTF-8"?>
<!-- Generated by org.testng.reporters.JUnitReportReporter -->
<testsuite skipped="0" hostname="anand3825" name="com.ubs.coding.UtilTest" tests="2" failures="0" timestamp="08 Nov 2017 11:20:15 GMT" time="0.073" errors="0">
  <testcase name="testGetPhonebookByLastName" time="0.071" classname="com.ubs.coding.UtilTest"/>
  <testcase name="testGetPhonebookByPhoneNumber" time="0.002" classname="com.ubs.coding.UtilTest"/>
</testsuite> <!-- com.ubs.coding.UtilTest -->
