<?xml version="1.0" encoding="UTF-8"?>
<!-- Generated by org.testng.reporters.JUnitReportReporter -->
<testsuite skipped="0" hostname="anand3825" name="careercup.string.C_LinkedListTest" tests="1" failures="0" timestamp="01 Nov 2017 04:25:18 GMT" time="0.006" errors="0">
  <testcase name="testAdd" time="0.006" classname="careercup.string.C_LinkedListTest"/>
</testsuite> <!-- careercup.string.C_LinkedListTest -->
