<?xml version="1.0" encoding="UTF-8"?>
<!-- Generated by org.testng.reporters.JUnitReportReporter -->
<testsuite skipped="0" hostname="anand3825" name="careercup.string.B_compressionTest" tests="2" failures="0" timestamp="28 Oct 2017 20:41:53 GMT" time="0.022" errors="0">
  <testcase name="testFunctionPositive" time="0.020" classname="careercup.string.B_compressionTest"/>
  <testcase name="testFunctionPositive2" time="0.002" classname="careercup.string.B_compressionTest"/>
</testsuite> <!-- careercup.string.B_compressionTest -->
